# JRE version: OpenJDK Runtime Environment (8.0_112-b06) (build 1.8.0_112-release-b06)
# Java VM: OpenJDK 64-Bit Server VM (25.112-b06 mixed mode linux-amd64 compressed oops)
Heap:
 PSYoungGen      total 220672K, used 27520K [0x00000000e0000000, 0x00000000efa80000, 0x0000000100000000)
  eden space 192000K, 0% used [0x00000000e0000000,0x00000000e0000000,0x00000000ebb80000)
  from space 28672K, 95% used [0x00000000ebb80000,0x00000000ed660118,0x00000000ed780000)
  to   space 30208K, 0% used [0x00000000ed780000,0x00000000ed780000,0x00000000ef500000)
 ParOldGen       total 110080K, used 52293K [0x00000000a0000000, 0x00000000a6b80000, 0x00000000e0000000)
  object space 110080K, 47% used [0x00000000a0000000,0x00000000a3311408,0x00000000a6b80000)
 Metaspace       used 71391K, capacity 74486K, committed 74752K, reserved 1114112K
  class space    used 9324K, capacity 9950K, committed 9984K, reserved 1048576K
GC Heap History (10 events):
Event: 1416.730 GC heap after
Heap after GC invocations=17 (full 3):
 PSYoungGen      total 167424K, used 8256K [0x00000000e0000000, 0x00000000ebf00000, 0x0000000100000000)
  eden space 140800K, 0% used [0x00000000e0000000,0x00000000e0000000,0x00000000e8980000)
  from space 26624K, 31% used [0x00000000ea280000,0x00000000eaa90060,0x00000000ebc80000)
  to   space 25600K, 0% used [0x00000000e8980000,0x00000000e8980000,0x00000000ea280000)
 ParOldGen       total 110080K, used 44769K [0x00000000a0000000, 0x00000000a6b80000, 0x00000000e0000000)
  object space 110080K, 40% used [0x00000000a0000000,0x00000000a2bb85e8,0x00000000a6b80000)
 Metaspace       used 58615K, capacity 61170K, committed 61312K, reserved 1101824K
  class space    used 7895K, capacity 8458K, committed 8576K, reserved 1048576K
}
Event: 1421.012 GC heap before
{Heap before GC invocations=18 (full 3):
 PSYoungGen      total 167424K, used 149056K [0x00000000e0000000, 0x00000000ebf00000, 0x0000000100000000)
  eden space 140800K, 100% used [0x00000000e0000000,0x00000000e8980000,0x00000000e8980000)
  from space 26624K, 31% used [0x00000000ea280000,0x00000000eaa90060,0x00000000ebc80000)
  to   space 25600K, 0% used [0x00000000e8980000,0x00000000e8980000,0x00000000ea280000)
 ParOldGen       total 110080K, used 44769K [0x00000000a0000000, 0x00000000a6b80000, 0x00000000e0000000)
  object space 110080K, 40% used [0x00000000a0000000,0x00000000a2bb85e8,0x00000000a6b80000)
 Metaspace       used 62300K, capacity 64934K, committed 65280K, reserved 1105920K
  class space    used 8325K, capacity 8866K, committed 8960K, reserved 1048576K
Event: 1421.050 GC heap after
Heap after GC invocations=18 (full 3):
 PSYoungGen      total 166400K, used 12899K [0x00000000e0000000, 0x00000000ed980000, 0x0000000100000000)
  eden space 140800K, 0% used [0x00000000e0000000,0x00000000e0000000,0x00000000e8980000)
  from space 25600K, 50% used [0x00000000e8980000,0x00000000e9618cc8,0x00000000ea280000)
  to   space 25088K, 0% used [0x00000000ec100000,0x00000000ec100000,0x00000000ed980000)
 ParOldGen       total 110080K, used 44777K [0x00000000a0000000, 0x00000000a6b80000, 0x00000000e0000000)
  object space 110080K, 40% used [0x00000000a0000000,0x00000000a2bba5e8,0x00000000a6b80000)
 Metaspace       used 62300K, capacity 64934K, committed 65280K, reserved 1105920K
  class space    used 8325K, capacity 8866K, committed 8960K, reserved 1048576K
}
Event: 1423.481 GC heap before
{Heap before GC invocations=19 (full 3):
 PSYoungGen      total 166400K, used 153699K [0x00000000e0000000, 0x00000000ed980000, 0x0000000100000000)
  eden space 140800K, 100% used [0x00000000e0000000,0x00000000e8980000,0x00000000e8980000)
  from space 25600K, 50% used [0x00000000e8980000,0x00000000e9618cc8,0x00000000ea280000)
  to   space 25088K, 0% used [0x00000000ec100000,0x00000000ec100000,0x00000000ed980000)
 ParOldGen       total 110080K, used 44777K [0x00000000a0000000, 0x00000000a6b80000, 0x00000000e0000000)
  object space 110080K, 40% used [0x00000000a0000000,0x00000000a2bba5e8,0x00000000a6b80000)
 Metaspace       used 62837K, capacity 65504K, committed 65792K, reserved 1105920K
  class space    used 8360K, capacity 8903K, committed 8960K, reserved 1048576K
Event: 1423.542 GC heap after
Heap after GC invocations=19 (full 3):
 PSYoungGen      total 190976K, used 25081K [0x00000000e0000000, 0x00000000eec00000, 0x0000000100000000)
  eden space 165888K, 0% used [0x00000000e0000000,0x00000000e0000000,0x00000000ea200000)
  from space 25088K, 99% used [0x00000000ec100000,0x00000000ed97e7c8,0x00000000ed980000)
  to   space 31744K, 0% used [0x00000000ea200000,0x00000000ea200000,0x00000000ec100000)
 ParOldGen       total 110080K, used 52269K [0x00000000a0000000, 0x00000000a6b80000, 0x00000000e0000000)
  object space 110080K, 47% used [0x00000000a0000000,0x00000000a330b408,0x00000000a6b80000)
 Metaspace       used 62837K, capacity 65504K, committed 65792K, reserved 1105920K
  class space    used 8360K, capacity 8903K, committed 8960K, reserved 1048576K
}
Event: 5724.748 GC heap before
{Heap before GC invocations=20 (full 3):
 PSYoungGen      total 190976K, used 190969K [0x00000000e0000000, 0x00000000eec00000, 0x0000000100000000)
  eden space 165888K, 100% used [0x00000000e0000000,0x00000000ea200000,0x00000000ea200000)
  from space 25088K, 99% used [0x00000000ec100000,0x00000000ed97e7c8,0x00000000ed980000)
  to   space 31744K, 0% used [0x00000000ea200000,0x00000000ea200000,0x00000000ec100000)
 ParOldGen       total 110080K, used 52269K [0x00000000a0000000, 0x00000000a6b80000, 0x00000000e0000000)
  object space 110080K, 47% used [0x00000000a0000000,0x00000000a330b408,0x00000000a6b80000)
 Metaspace       used 63060K, capacity 65810K, committed 66048K, reserved 1105920K
  class space    used 8377K, capacity 8926K, committed 8960K, reserved 1048576K
Event: 5724.767 GC heap after
Heap after GC invocations=20 (full 3):
 PSYoungGen      total 197632K, used 10825K [0x00000000e0000000, 0x00000000ef500000, 0x0000000100000000)
  eden space 165888K, 0% used [0x00000000e0000000,0x00000000e0000000,0x00000000ea200000)
  from space 31744K, 34% used [0x00000000ea200000,0x00000000eac925d0,0x00000000ec100000)
  to   space 30208K, 0% used [0x00000000ed780000,0x00000000ed780000,0x00000000ef500000)
 ParOldGen       total 110080K, used 52277K [0x00000000a0000000, 0x00000000a6b80000, 0x00000000e0000000)
  object space 110080K, 47% used [0x00000000a0000000,0x00000000a330d408,0x00000000a6b80000)
 Metaspace       used 63060K, capacity 65810K, committed 66048K, reserved 1105920K
  class space    used 8377K, capacity 8926K, committed 8960K, reserved 1048576K
}
Event: 5735.729 GC heap before
{Heap before GC invocations=21 (full 3):
 PSYoungGen      total 197632K, used 176713K [0x00000000e0000000, 0x00000000ef500000, 0x0000000100000000)
  eden space 165888K, 100% used [0x00000000e0000000,0x00000000ea200000,0x00000000ea200000)
  from space 31744K, 34% used [0x00000000ea200000,0x00000000eac925d0,0x00000000ec100000)
  to   space 30208K, 0% used [0x00000000ed780000,0x00000000ed780000,0x00000000ef500000)
 ParOldGen       total 110080K, used 52277K [0x00000000a0000000, 0x00000000a6b80000, 0x00000000e0000000)
  object space 110080K, 47% used [0x00000000a0000000,0x00000000a330d408,0x00000000a6b80000)
 Metaspace       used 68785K, capacity 71668K, committed 71936K, reserved 1112064K
  class space    used 9040K, capacity 9617K, committed 9728K, reserved 1048576K
Event: 5736.321 GC heap after
Heap after GC invocations=21 (full 3):
 PSYoungGen      total 222208K, used 13228K [0x00000000e0000000, 0x00000000efa80000, 0x0000000100000000)
  eden space 192000K, 0% used [0x00000000e0000000,0x00000000e0000000,0x00000000ebb80000)
  from space 30208K, 43% used [0x00000000ed780000,0x00000000ee46b0f0,0x00000000ef500000)
  to   space 28672K, 0% used [0x00000000ebb80000,0x00000000ebb80000,0x00000000ed780000)
 ParOldGen       total 110080K, used 52285K [0x00000000a0000000, 0x00000000a6b80000, 0x00000000e0000000)
  object space 110080K, 47% used [0x00000000a0000000,0x00000000a330f408,0x00000000a6b80000)
 Metaspace       used 68785K, capacity 71668K, committed 71936K, reserved 1112064K
  class space    used 9040K, capacity 9617K, committed 9728K, reserved 1048576K
}
Event: 5880.241 GC heap before
{Heap before GC invocations=22 (full 3):
 PSYoungGen      total 222208K, used 205228K [0x00000000e0000000, 0x00000000efa80000, 0x0000000100000000)
  eden space 192000K, 100% used [0x00000000e0000000,0x00000000ebb80000,0x00000000ebb80000)
  from space 30208K, 43% used [0x00000000ed780000,0x00000000ee46b0f0,0x00000000ef500000)
  to   space 28672K, 0% used [0x00000000ebb80000,0x00000000ebb80000,0x00000000ed780000)
 ParOldGen       total 110080K, used 52285K [0x00000000a0000000, 0x00000000a6b80000, 0x00000000e0000000)
  object space 110080K, 47% used [0x00000000a0000000,0x00000000a330f408,0x00000000a6b80000)
 Metaspace       used 71391K, capacity 74486K, committed 74752K, reserved 1114112K
  class space    used 9324K, capacity 9950K, committed 9984K, reserved 1048576K

