# JRE version: OpenJDK Runtime Environment (8.0_131-b11) (build 1.8.0_131-8u131-b11-2ubuntu1.17.04.2-b11)
# Java VM: OpenJDK 64-Bit Server VM (25.131-b11 mixed mode linux-amd64 compressed oops)
Heap:
 PSYoungGen      total 299520K, used 15774K [0x00000000e0000000, 0x00000000f3680000, 0x0000000100000000)
  eden space 281600K, 0% used [0x00000000e0000000,0x00000000e0000000,0x00000000f1300000)
  from space 17920K, 88% used [0x00000000f1380000,0x00000000f22e78a0,0x00000000f2500000)
  to   space 8192K, 0% used [0x00000000f2e80000,0x00000000f2e80000,0x00000000f3680000)
 ParOldGen       total 92160K, used 42816K [0x00000000a0000000, 0x00000000a5a00000, 0x00000000e0000000)
  object space 92160K, 46% used [0x00000000a0000000,0x00000000a29d0380,0x00000000a5a00000)
 Metaspace       used 62523K, capacity 65898K, committed 66048K, reserved 1105920K
  class space    used 8252K, capacity 8888K, committed 8960K, reserved 1048576K
GC Heap History (10 events):
Event: 17.208 GC heap after
Heap after GC invocations=15 (full 2):
 PSYoungGen      total 191488K, used 16621K [0x00000000e0000000, 0x00000000f0400000, 0x0000000100000000)
  eden space 173568K, 0% used [0x00000000e0000000,0x00000000e0000000,0x00000000ea980000)
  from space 17920K, 92% used [0x00000000ea980000,0x00000000eb9bb760,0x00000000ebb00000)
  to   space 19968K, 0% used [0x00000000ef080000,0x00000000ef080000,0x00000000f0400000)
 ParOldGen       total 49664K, used 34856K [0x00000000a0000000, 0x00000000a3080000, 0x00000000e0000000)
  object space 49664K, 70% used [0x00000000a0000000,0x00000000a220a228,0x00000000a3080000)
 Metaspace       used 56105K, capacity 58504K, committed 58624K, reserved 1099776K
  class space    used 7591K, capacity 8129K, committed 8192K, reserved 1048576K
}
Event: 18.235 GC heap before
{Heap before GC invocations=16 (full 2):
 PSYoungGen      total 191488K, used 46563K [0x00000000e0000000, 0x00000000f0400000, 0x0000000100000000)
  eden space 173568K, 17% used [0x00000000e0000000,0x00000000e1d3d4d8,0x00000000ea980000)
  from space 17920K, 92% used [0x00000000ea980000,0x00000000eb9bb760,0x00000000ebb00000)
  to   space 19968K, 0% used [0x00000000ef080000,0x00000000ef080000,0x00000000f0400000)
 ParOldGen       total 49664K, used 34856K [0x00000000a0000000, 0x00000000a3080000, 0x00000000e0000000)
  object space 49664K, 70% used [0x00000000a0000000,0x00000000a220a228,0x00000000a3080000)
 Metaspace       used 56771K, capacity 59056K, committed 59136K, reserved 1099776K
  class space    used 7651K, capacity 8173K, committed 8192K, reserved 1048576K
Event: 18.319 GC heap after
Heap after GC invocations=16 (full 2):
 PSYoungGen      total 246272K, used 3328K [0x00000000e0000000, 0x00000000f0f80000, 0x0000000100000000)
  eden space 226304K, 0% used [0x00000000e0000000,0x00000000e0000000,0x00000000edd00000)
  from space 19968K, 16% used [0x00000000ef080000,0x00000000ef3c0000,0x00000000f0400000)
  to   space 19968K, 0% used [0x00000000edd00000,0x00000000edd00000,0x00000000ef080000)
 ParOldGen       total 49664K, used 48826K [0x00000000a0000000, 0x00000000a3080000, 0x00000000e0000000)
  object space 49664K, 98% used [0x00000000a0000000,0x00000000a2faebf8,0x00000000a3080000)
 Metaspace       used 56771K, capacity 59056K, committed 59136K, reserved 1099776K
  class space    used 7651K, capacity 8173K, committed 8192K, reserved 1048576K
}
Event: 18.320 GC heap before
{Heap before GC invocations=17 (full 3):
 PSYoungGen      total 246272K, used 3328K [0x00000000e0000000, 0x00000000f0f80000, 0x0000000100000000)
  eden space 226304K, 0% used [0x00000000e0000000,0x00000000e0000000,0x00000000edd00000)
  from space 19968K, 16% used [0x00000000ef080000,0x00000000ef3c0000,0x00000000f0400000)
  to   space 19968K, 0% used [0x00000000edd00000,0x00000000edd00000,0x00000000ef080000)
 ParOldGen       total 49664K, used 48826K [0x00000000a0000000, 0x00000000a3080000, 0x00000000e0000000)
  object space 49664K, 98% used [0x00000000a0000000,0x00000000a2faebf8,0x00000000a3080000)
 Metaspace       used 56771K, capacity 59056K, committed 59136K, reserved 1099776K
  class space    used 7651K, capacity 8173K, committed 8192K, reserved 1048576K
Event: 18.791 GC heap after
Heap after GC invocations=17 (full 3):
 PSYoungGen      total 246272K, used 0K [0x00000000e0000000, 0x00000000f0f80000, 0x0000000100000000)
  eden space 226304K, 0% used [0x00000000e0000000,0x00000000e0000000,0x00000000edd00000)
  from space 19968K, 0% used [0x00000000ef080000,0x00000000ef080000,0x00000000f0400000)
  to   space 19968K, 0% used [0x00000000edd00000,0x00000000edd00000,0x00000000ef080000)
 ParOldGen       total 92160K, used 42792K [0x00000000a0000000, 0x00000000a5a00000, 0x00000000e0000000)
  object space 92160K, 46% used [0x00000000a0000000,0x00000000a29ca380,0x00000000a5a00000)
 Metaspace       used 56771K, capacity 59056K, committed 59136K, reserved 1099776K
  class space    used 7651K, capacity 8173K, committed 8192K, reserved 1048576K
}
Event: 1269.473 GC heap before
{Heap before GC invocations=18 (full 3):
 PSYoungGen      total 246272K, used 226304K [0x00000000e0000000, 0x00000000f0f80000, 0x0000000100000000)
  eden space 226304K, 100% used [0x00000000e0000000,0x00000000edd00000,0x00000000edd00000)
  from space 19968K, 0% used [0x00000000ef080000,0x00000000ef080000,0x00000000f0400000)
  to   space 19968K, 0% used [0x00000000edd00000,0x00000000edd00000,0x00000000ef080000)
 ParOldGen       total 92160K, used 42792K [0x00000000a0000000, 0x00000000a5a00000, 0x00000000e0000000)
  object space 92160K, 46% used [0x00000000a0000000,0x00000000a29ca380,0x00000000a5a00000)
 Metaspace       used 60819K, capacity 63674K, committed 63744K, reserved 1103872K
  class space    used 8118K, capacity 8688K, committed 8704K, reserved 1048576K
Event: 1269.507 GC heap after
Heap after GC invocations=18 (full 3):
 PSYoungGen      total 246272K, used 5363K [0x00000000e0000000, 0x00000000f4100000, 0x0000000100000000)
  eden space 226304K, 0% used [0x00000000e0000000,0x00000000e0000000,0x00000000edd00000)
  from space 19968K, 26% used [0x00000000edd00000,0x00000000ee23cf10,0x00000000ef080000)
  to   space 18944K, 0% used [0x00000000f2e80000,0x00000000f2e80000,0x00000000f4100000)
 ParOldGen       total 92160K, used 42800K [0x00000000a0000000, 0x00000000a5a00000, 0x00000000e0000000)
  object space 92160K, 46% used [0x00000000a0000000,0x00000000a29cc380,0x00000000a5a00000)
 Metaspace       used 60819K, capacity 63674K, committed 63744K, reserved 1103872K
  class space    used 8118K, capacity 8688K, committed 8704K, reserved 1048576K
}
Event: 1304.566 GC heap before
{Heap before GC invocations=19 (full 3):
 PSYoungGen      total 246272K, used 231667K [0x00000000e0000000, 0x00000000f4100000, 0x0000000100000000)
  eden space 226304K, 100% used [0x00000000e0000000,0x00000000edd00000,0x00000000edd00000)
  from space 19968K, 26% used [0x00000000edd00000,0x00000000ee23cf10,0x00000000ef080000)
  to   space 18944K, 0% used [0x00000000f2e80000,0x00000000f2e80000,0x00000000f4100000)
 ParOldGen       total 92160K, used 42800K [0x00000000a0000000, 0x00000000a5a00000, 0x00000000e0000000)
  object space 92160K, 46% used [0x00000000a0000000,0x00000000a29cc380,0x00000000a5a00000)
 Metaspace       used 61623K, capacity 64692K, committed 64896K, reserved 1105920K
  class space    used 8165K, capacity 8755K, committed 8832K, reserved 1048576K
Event: 1304.581 GC heap after
Heap after GC invocations=19 (full 3):
 PSYoungGen      total 289792K, used 7705K [0x00000000e0000000, 0x00000000f3680000, 0x0000000100000000)
  eden space 281600K, 0% used [0x00000000e0000000,0x00000000e0000000,0x00000000f1300000)
  from space 8192K, 94% used [0x00000000f2e80000,0x00000000f3606420,0x00000000f3680000)
  to   space 17920K, 0% used [0x00000000f1380000,0x00000000f1380000,0x00000000f2500000)
 ParOldGen       total 92160K, used 42808K [0x00000000a0000000, 0x00000000a5a00000, 0x00000000e0000000)
  object space 92160K, 46% used [0x00000000a0000000,0x00000000a29ce380,0x00000000a5a00000)
 Metaspace       used 61623K, capacity 64692K, committed 64896K, reserved 1105920K
  class space    used 8165K, capacity 8755K, committed 8832K, reserved 1048576K
}
Event: 1405.395 GC heap before
{Heap before GC invocations=20 (full 3):
 PSYoungGen      total 289792K, used 289305K [0x00000000e0000000, 0x00000000f3680000, 0x0000000100000000)
  eden space 281600K, 100% used [0x00000000e0000000,0x00000000f1300000,0x00000000f1300000)
  from space 8192K, 94% used [0x00000000f2e80000,0x00000000f3606420,0x00000000f3680000)
  to   space 17920K, 0% used [0x00000000f1380000,0x00000000f1380000,0x00000000f2500000)
 ParOldGen       total 92160K, used 42808K [0x00000000a0000000, 0x00000000a5a00000, 0x00000000e0000000)
  object space 92160K, 46% used [0x00000000a0000000,0x00000000a29ce380,0x00000000a5a00000)
 Metaspace       used 62523K, capacity 65898K, committed 66048K, reserved 1105920K
  class space    used 8252K, capacity 8888K, committed 8960K, reserved 1048576K

