# JRE version: OpenJDK Runtime Environment (8.0_131-b11) (build 1.8.0_131-8u131-b11-2ubuntu1.17.04.2-b11)
# Java VM: OpenJDK 64-Bit Server VM (25.131-b11 mixed mode linux-amd64 compressed oops)
Heap:
 PSYoungGen      total 256512K, used 11901K [0x00000000e0000000, 0x00000000f1200000, 0x0000000100000000)
  eden space 236032K, 0% used [0x00000000e0000000,0x00000000e0000000,0x00000000ee680000)
  from space 20480K, 58% used [0x00000000ee680000,0x00000000ef21f4a0,0x00000000efa80000)
  to   space 13824K, 0% used [0x00000000efa80000,0x00000000efa80000,0x00000000f0800000)
 ParOldGen       total 46080K, used 45848K [0x00000000a0000000, 0x00000000a2d00000, 0x00000000e0000000)
  object space 46080K, 99% used [0x00000000a0000000,0x00000000a2cc60b8,0x00000000a2d00000)
 Metaspace       used 56779K, capacity 59082K, committed 59136K, reserved 1099776K
  class space    used 7660K, capacity 8140K, committed 8192K, reserved 1048576K
GC Heap History (10 events):
Event: 107.732 GC heap after
Heap after GC invocations=10 (full 1):
 PSYoungGen      total 130560K, used 8675K [0x00000000e0000000, 0x00000000eb300000, 0x0000000100000000)
  eden space 121856K, 0% used [0x00000000e0000000,0x00000000e0000000,0x00000000e7700000)
  from space 8704K, 99% used [0x00000000e7700000,0x00000000e7f78f58,0x00000000e7f80000)
  to   space 10752K, 0% used [0x00000000ea880000,0x00000000ea880000,0x00000000eb300000)
 ParOldGen       total 32256K, used 11658K [0x00000000a0000000, 0x00000000a1f80000, 0x00000000e0000000)
  object space 32256K, 36% used [0x00000000a0000000,0x00000000a0b62ba8,0x00000000a1f80000)
 Metaspace       used 32755K, capacity 33402K, committed 33536K, reserved 1079296K
  class space    used 4421K, capacity 4591K, committed 4608K, reserved 1048576K
}
Event: 108.638 GC heap before
{Heap before GC invocations=11 (full 1):
 PSYoungGen      total 130560K, used 26235K [0x00000000e0000000, 0x00000000eb300000, 0x0000000100000000)
  eden space 121856K, 14% used [0x00000000e0000000,0x00000000e1125f20,0x00000000e7700000)
  from space 8704K, 99% used [0x00000000e7700000,0x00000000e7f78f58,0x00000000e7f80000)
  to   space 10752K, 0% used [0x00000000ea880000,0x00000000ea880000,0x00000000eb300000)
 ParOldGen       total 32256K, used 11658K [0x00000000a0000000, 0x00000000a1f80000, 0x00000000e0000000)
  object space 32256K, 36% used [0x00000000a0000000,0x00000000a0b62ba8,0x00000000a1f80000)
 Metaspace       used 34782K, capacity 35448K, committed 35496K, reserved 1079296K
  class space    used 4657K, capacity 4852K, committed 4864K, reserved 1048576K
Event: 108.674 GC heap after
Heap after GC invocations=11 (full 1):
 PSYoungGen      total 172544K, used 6416K [0x00000000e0000000, 0x00000000ec380000, 0x0000000100000000)
  eden space 161792K, 0% used [0x00000000e0000000,0x00000000e0000000,0x00000000e9e00000)
  from space 10752K, 59% used [0x00000000ea880000,0x00000000eaec43c0,0x00000000eb300000)
  to   space 10752K, 0% used [0x00000000e9e00000,0x00000000e9e00000,0x00000000ea880000)
 ParOldGen       total 32256K, used 14600K [0x00000000a0000000, 0x00000000a1f80000, 0x00000000e0000000)
  object space 32256K, 45% used [0x00000000a0000000,0x00000000a0e42088,0x00000000a1f80000)
 Metaspace       used 34782K, capacity 35448K, committed 35496K, reserved 1079296K
  class space    used 4657K, capacity 4852K, committed 4864K, reserved 1048576K
}
Event: 108.676 GC heap before
{Heap before GC invocations=12 (full 2):
 PSYoungGen      total 172544K, used 6416K [0x00000000e0000000, 0x00000000ec380000, 0x0000000100000000)
  eden space 161792K, 0% used [0x00000000e0000000,0x00000000e0000000,0x00000000e9e00000)
  from space 10752K, 59% used [0x00000000ea880000,0x00000000eaec43c0,0x00000000eb300000)
  to   space 10752K, 0% used [0x00000000e9e00000,0x00000000e9e00000,0x00000000ea880000)
 ParOldGen       total 32256K, used 14600K [0x00000000a0000000, 0x00000000a1f80000, 0x00000000e0000000)
  object space 32256K, 45% used [0x00000000a0000000,0x00000000a0e42088,0x00000000a1f80000)
 Metaspace       used 34782K, capacity 35448K, committed 35496K, reserved 1079296K
  class space    used 4657K, capacity 4852K, committed 4864K, reserved 1048576K
Event: 108.852 GC heap after
Heap after GC invocations=12 (full 2):
 PSYoungGen      total 172544K, used 0K [0x00000000e0000000, 0x00000000ec380000, 0x0000000100000000)
  eden space 161792K, 0% used [0x00000000e0000000,0x00000000e0000000,0x00000000e9e00000)
  from space 10752K, 0% used [0x00000000ea880000,0x00000000ea880000,0x00000000eb300000)
  to   space 10752K, 0% used [0x00000000e9e00000,0x00000000e9e00000,0x00000000ea880000)
 ParOldGen       total 42496K, used 15480K [0x00000000a0000000, 0x00000000a2980000, 0x00000000e0000000)
  object space 42496K, 36% used [0x00000000a0000000,0x00000000a0f1e160,0x00000000a2980000)
 Metaspace       used 34756K, capacity 35418K, committed 35496K, reserved 1079296K
  class space    used 4648K, capacity 4842K, committed 4864K, reserved 1048576K
}
Event: 115.290 GC heap before
{Heap before GC invocations=13 (full 2):
 PSYoungGen      total 172544K, used 161792K [0x00000000e0000000, 0x00000000ec380000, 0x0000000100000000)
  eden space 161792K, 100% used [0x00000000e0000000,0x00000000e9e00000,0x00000000e9e00000)
  from space 10752K, 0% used [0x00000000ea880000,0x00000000ea880000,0x00000000eb300000)
  to   space 10752K, 0% used [0x00000000e9e00000,0x00000000e9e00000,0x00000000ea880000)
 ParOldGen       total 42496K, used 15480K [0x00000000a0000000, 0x00000000a2980000, 0x00000000e0000000)
  object space 42496K, 36% used [0x00000000a0000000,0x00000000a0f1e160,0x00000000a2980000)
 Metaspace       used 46522K, capacity 47484K, committed 47744K, reserved 1091584K
  class space    used 6196K, capacity 6428K, committed 6528K, reserved 1048576K
Event: 115.333 GC heap after
Heap after GC invocations=13 (full 2):
 PSYoungGen      total 172544K, used 10721K [0x00000000e0000000, 0x00000000f0800000, 0x0000000100000000)
  eden space 161792K, 0% used [0x00000000e0000000,0x00000000e0000000,0x00000000e9e00000)
  from space 10752K, 99% used [0x00000000e9e00000,0x00000000ea878718,0x00000000ea880000)
  to   space 13824K, 0% used [0x00000000efa80000,0x00000000efa80000,0x00000000f0800000)
 ParOldGen       total 42496K, used 19828K [0x00000000a0000000, 0x00000000a2980000, 0x00000000e0000000)
  object space 42496K, 46% used [0x00000000a0000000,0x00000000a135d330,0x00000000a2980000)
 Metaspace       used 46522K, capacity 47484K, committed 47744K, reserved 1091584K
  class space    used 6196K, capacity 6428K, committed 6528K, reserved 1048576K
}
Event: 120.476 GC heap before
{Heap before GC invocations=14 (full 2):
 PSYoungGen      total 172544K, used 172513K [0x00000000e0000000, 0x00000000f0800000, 0x0000000100000000)
  eden space 161792K, 100% used [0x00000000e0000000,0x00000000e9e00000,0x00000000e9e00000)
  from space 10752K, 99% used [0x00000000e9e00000,0x00000000ea878718,0x00000000ea880000)
  to   space 13824K, 0% used [0x00000000efa80000,0x00000000efa80000,0x00000000f0800000)
 ParOldGen       total 42496K, used 19828K [0x00000000a0000000, 0x00000000a2980000, 0x00000000e0000000)
  object space 42496K, 46% used [0x00000000a0000000,0x00000000a135d330,0x00000000a2980000)
 Metaspace       used 52985K, capacity 54780K, committed 55040K, reserved 1097728K
  class space    used 7272K, capacity 7645K, committed 7680K, reserved 1048576K
Event: 120.557 GC heap after
Heap after GC invocations=14 (full 2):
 PSYoungGen      total 249856K, used 13824K [0x00000000e0000000, 0x00000000f1200000, 0x0000000100000000)
  eden space 236032K, 0% used [0x00000000e0000000,0x00000000e0000000,0x00000000ee680000)
  from space 13824K, 100% used [0x00000000efa80000,0x00000000f0800000,0x00000000f0800000)
  to   space 20480K, 0% used [0x00000000ee680000,0x00000000ee680000,0x00000000efa80000)
 ParOldGen       total 42496K, used 32202K [0x00000000a0000000, 0x00000000a2980000, 0x00000000e0000000)
  object space 42496K, 75% used [0x00000000a0000000,0x00000000a1f72a28,0x00000000a2980000)
 Metaspace       used 52985K, capacity 54780K, committed 55040K, reserved 1097728K
  class space    used 7272K, capacity 7645K, committed 7680K, reserved 1048576K
}
Event: 127.084 GC heap before
{Heap before GC invocations=15 (full 2):
 PSYoungGen      total 249856K, used 157662K [0x00000000e0000000, 0x00000000f1200000, 0x0000000100000000)
  eden space 236032K, 60% used [0x00000000e0000000,0x00000000e8c778c0,0x00000000ee680000)
  from space 13824K, 100% used [0x00000000efa80000,0x00000000f0800000,0x00000000f0800000)
  to   space 20480K, 0% used [0x00000000ee680000,0x00000000ee680000,0x00000000efa80000)
 ParOldGen       total 42496K, used 32202K [0x00000000a0000000, 0x00000000a2980000, 0x00000000e0000000)
  object space 42496K, 75% used [0x00000000a0000000,0x00000000a1f72a28,0x00000000a2980000)
 Metaspace       used 56779K, capacity 59082K, committed 59136K, reserved 1099776K
  class space    used 7660K, capacity 8140K, committed 8192K, reserved 1048576K

